app/build/outputs/logs/manifest-merger-debug-report.txt
-- Merging decision tree log ---
manifest
ADDED from src/main/AndroidManifest.xml:2:1-81:12
	package
		ADDED from src/main/AndroidManifest.xml:3:5-36
		INJECTED from src/main/AndroidManifest.xml
		INJECTED from src/main/AndroidManifest.xml
	android:versionName
		ADDED from src/main/AndroidManifest.xml:5:5-30
		INJECTED from src/main/AndroidManifest.xml
		INJECTED from src/main/AndroidManifest.xml
	android:versionCode
		ADDED from src/main/AndroidManifest.xml:4:5-28
		INJECTED from src/main/AndroidManifest.xml
		INJECTED from src/main/AndroidManifest.xml
	xmlns:android
		ADDED from src/main/AndroidManifest.xml:2:11-69
uses-sdk
ADDED from src/main/AndroidManifest.xml:7:5-9:41
MERGED from [com.android.support:appcompat-v7:18.0.0] AndroidManifest.xml:18:5-42
	android:targetSdkVersion
		ADDED from src/main/AndroidManifest.xml:9:9-38
		INJECTED from src/main/AndroidManifest.xml
		INJECTED from src/main/AndroidManifest.xml
	android:minSdkVersion
		ADDED from src/main/AndroidManifest.xml:8:9-35
		INJECTED from src/main/AndroidManifest.xml
		INJECTED from src/main/AndroidManifest.xml
uses-permission#android.permission.INTERNET
ADDED from src/main/AndroidManifest.xml:11:5-67
	android:name
		ADDED from src/main/AndroidManifest.xml:11:22-64
uses-permission#android.permission.VIBRATE
ADDED from src/main/AndroidManifest.xml:12:5-66
	android:name
		ADDED from src/main/AndroidManifest.xml:12:22-63
uses-permission#com.android.alarm.permission.SET_ALARM
ADDED from src/main/AndroidManifest.xml:13:5-78
	android:name
		ADDED from src/main/AndroidManifest.xml:13:22-75
uses-permission#android.permission.ACCESS_NETWORK_STATE
ADDED from src/main/AndroidManifest.xml:14:5-79
	android:name
		ADDED from src/main/AndroidManifest.xml:14:22-76
application
ADDED from src/main/AndroidManifest.xml:16:5-79:19
MERGED from [com.android.support:appcompat-v7:18.0.0] AndroidManifest.xml:19:5-20
	android:label
		ADDED from src/main/AndroidManifest.xml:19:9-41
	android:allowBackup
		ADDED from src/main/AndroidManifest.xml:17:9-35
	android:icon
		ADDED from src/main/AndroidManifest.xml:18:9-44
	android:theme
		ADDED from src/main/AndroidManifest.xml:20:9-40
activity#com.micromate.mreader.MainActivity
ADDED from src/main/AndroidManifest.xml:23:9-32:20
	android:label
		ADDED from src/main/AndroidManifest.xml:25:13-45
	android:uiOptions
		ADDED from src/main/AndroidManifest.xml:26:13-57
	android:name
		ADDED from src/main/AndroidManifest.xml:24:13-41
intent-filter#android.intent.action.MAIN+android.intent.category.LAUNCHER
ADDED from src/main/AndroidManifest.xml:27:13-31:29
action#android.intent.action.MAIN
ADDED from src/main/AndroidManifest.xml:28:17-69
	android:name
		ADDED from src/main/AndroidManifest.xml:28:25-66
category#android.intent.category.LAUNCHER
ADDED from src/main/AndroidManifest.xml:30:17-77
	android:name
		ADDED from src/main/AndroidManifest.xml:30:27-74
service#com.micromate.mreader.service.UpdateArticlesService
ADDED from src/main/AndroidManifest.xml:40:9-43:19
	android:label
		ADDED from src/main/AndroidManifest.xml:42:13-45
	android:name
		ADDED from src/main/AndroidManifest.xml:41:13-58
receiver#com.micromate.mreader.service.AlarmReceiver
ADDED from src/main/AndroidManifest.xml:45:9-59
	android:name
		ADDED from src/main/AndroidManifest.xml:45:19-56
activity#com.micromate.mreader.ServiceAlarmManager
ADDED from src/main/AndroidManifest.xml:47:9-50:20
	android:label
		ADDED from src/main/AndroidManifest.xml:49:13-45
	android:name
		ADDED from src/main/AndroidManifest.xml:48:13-48
activity#com.micromate.mreader.SettingActivity
ADDED from src/main/AndroidManifest.xml:53:9-62:20
	android:label
		ADDED from src/main/AndroidManifest.xml:55:13-59
	android:parentActivityName
		ADDED from src/main/AndroidManifest.xml:56:13-55
	android:name
		ADDED from src/main/AndroidManifest.xml:54:13-44
meta-data#android.support.PARENT_ACTIVITY
ADDED from src/main/AndroidManifest.xml:59:13-61:70
	android:value
		ADDED from src/main/AndroidManifest.xml:61:17-67
	android:name
		ADDED from src/main/AndroidManifest.xml:60:17-63
activity#com.micromate.mreader.FeedAddRssActivity
ADDED from src/main/AndroidManifest.xml:65:9-74:20
	android:label
		ADDED from src/main/AndroidManifest.xml:67:13-60
	android:parentActivityName
		ADDED from src/main/AndroidManifest.xml:68:13-55
	android:name
		ADDED from src/main/AndroidManifest.xml:66:13-47
activity#com.micromate.mreader.ArticleActivity
ADDED from src/main/AndroidManifest.xml:75:9-78:20
	android:label
		ADDED from src/main/AndroidManifest.xml:77:13-59
	android:name
		ADDED from src/main/AndroidManifest.xml:76:13-44